<?xml version="1.0" encoding="UTF-8"?>
<testng-results ignored="0" total="1" passed="1" failed="0" skipped="0">
  <reporter-output>
  </reporter-output>
  <suite started-at="2025-06-13T19:16:04 IST" name="Default suite" finished-at="2025-06-13T19:16:30 IST" duration-ms="26760">
    <groups>
    </groups>
    <test started-at="2025-06-13T19:16:04 IST" name="Default test" finished-at="2025-06-13T19:16:30 IST" duration-ms="26760">
      <class name="tests.SearchTest">
        <test-method is-config="true" signature="setUp()[pri:0, instance:tests.SearchTest@1aafa419]" started-at="2025-06-13T19:16:04 IST" name="setUp" finished-at="2025-06-13T19:16:21 IST" duration-ms="16876" status="PASS">
          <reporter-output>
          </reporter-output>
        </test-method> <!-- setUp -->
        <test-method signature="testSearchResultsContainApp()[pri:0, instance:tests.SearchTest@1aafa419]" started-at="2025-06-13T19:16:21 IST" name="testSearchResultsContainApp" finished-at="2025-06-13T19:16:30 IST" duration-ms="9564" status="PASS">
          <reporter-output>
          </reporter-output>
        </test-method> <!-- testSearchResultsContainApp -->
        <test-method is-config="true" signature="teardown()[pri:0, instance:tests.SearchTest@1aafa419]" started-at="2025-06-13T19:16:30 IST" name="teardown" finished-at="2025-06-13T19:16:30 IST" duration-ms="281" status="PASS">
          <reporter-output>
          </reporter-output>
        </test-method> <!-- teardown -->
      </class> <!-- tests.SearchTest -->
    </test> <!-- Default test -->
  </suite> <!-- Default suite -->
</testng-results>
